<?xml version="1.0" encoding="UTF-8"?>
<coverage generated="1520168193842" clover="3.2.0">
  <project timestamp="1520168193843" name="All files">
    <metrics statements="97" coveredstatements="53" conditionals="16" coveredconditionals="9" methods="35" coveredmethods="17" elements="148" coveredelements="79" complexity="0" loc="97" ncloc="97" packages="3" files="10" classes="10">
      <package name="src">
        <metrics statements="49" coveredstatements="19" conditionals="10" coveredconditionals="5" methods="18" coveredmethods="7"/>
        <file name="App.js" path="C:\Users\ollit\Documents\koulu\fullstack\osa5\bloglist-frontend\src\App.js">
          <metrics statements="39" coveredstatements="13" conditionals="6" coveredconditionals="5" methods="15" coveredmethods="5"/>
          <line num="12" count="2" type="stmt"/>
          <line num="13" count="2" type="stmt"/>
          <line num="26" count="2" type="stmt"/>
          <line num="28" count="0" type="stmt"/>
          <line num="30" count="2" type="stmt"/>
          <line num="31" count="2" type="cond" truecount="2" falsecount="0"/>
          <line num="32" count="1" type="stmt"/>
          <line num="33" count="1" type="stmt"/>
          <line num="34" count="1" type="stmt"/>
          <line num="39" count="0" type="stmt"/>
          <line num="43" count="0" type="stmt"/>
          <line num="47" count="0" type="stmt"/>
          <line num="48" count="0" type="stmt"/>
          <line num="50" count="0" type="stmt"/>
          <line num="51" count="0" type="stmt"/>
          <line num="56" count="0" type="stmt"/>
          <line num="57" count="0" type="stmt"/>
          <line num="58" count="0" type="stmt"/>
          <line num="59" count="0" type="stmt"/>
          <line num="61" count="0" type="stmt"/>
          <line num="64" count="0" type="stmt"/>
          <line num="69" count="0" type="stmt"/>
          <line num="70" count="0" type="stmt"/>
          <line num="74" count="0" type="stmt"/>
          <line num="75" count="0" type="stmt"/>
          <line num="76" count="0" type="stmt"/>
          <line num="82" count="0" type="stmt"/>
          <line num="83" count="0" type="stmt"/>
          <line num="90" count="0" type="stmt"/>
          <line num="93" count="0" type="stmt"/>
          <line num="97" count="0" type="stmt"/>
          <line num="100" count="3" type="stmt"/>
          <line num="116" count="0" type="stmt"/>
          <line num="118" count="0" type="stmt"/>
          <line num="121" count="1" type="stmt"/>
          <line num="138" count="1" type="stmt"/>
          <line num="139" count="3" type="cond" truecount="1" falsecount="1"/>
          <line num="140" count="3" type="stmt"/>
          <line num="142" count="0" type="stmt"/>
        </file>
        <file name="index.js" path="C:\Users\ollit\Documents\koulu\fullstack\osa5\bloglist-frontend\src\index.js">
          <metrics statements="4" coveredstatements="0" conditionals="4" coveredconditionals="0" methods="1" coveredmethods="0"/>
          <line num="1" count="0" type="stmt"/>
          <line num="2" count="0" type="stmt"/>
          <line num="3" count="0" type="cond" truecount="0" falsecount="4"/>
          <line num="5" count="0" type="stmt"/>
        </file>
        <file name="setupTests.js" path="C:\Users\ollit\Documents\koulu\fullstack\osa5\bloglist-frontend\src\setupTests.js">
          <metrics statements="6" coveredstatements="6" conditionals="0" coveredconditionals="0" methods="2" coveredmethods="2"/>
          <line num="4" count="3" type="stmt"/>
          <line num="6" count="3" type="stmt"/>
          <line num="8" count="3" type="stmt"/>
          <line num="10" count="1" type="stmt"/>
          <line num="12" count="2" type="stmt"/>
          <line num="16" count="3" type="stmt"/>
        </file>
      </package>
      <package name="src.components">
        <metrics statements="26" coveredstatements="22" conditionals="6" coveredconditionals="4" methods="10" coveredmethods="8"/>
        <file name="Blog.js" path="C:\Users\ollit\Documents\koulu\fullstack\osa5\bloglist-frontend\src\components\Blog.js">
          <metrics statements="11" coveredstatements="8" conditionals="2" coveredconditionals="2" methods="4" coveredmethods="3"/>
          <line num="6" count="1" type="stmt"/>
          <line num="7" count="1" type="stmt"/>
          <line num="18" count="1" type="stmt"/>
          <line num="22" count="0" type="stmt"/>
          <line num="30" count="0" type="stmt"/>
          <line num="31" count="0" type="stmt"/>
          <line num="35" count="2" type="stmt"/>
          <line num="39" count="2" type="stmt"/>
          <line num="47" count="2" type="cond" truecount="2" falsecount="0"/>
          <line num="48" count="1" type="stmt"/>
          <line num="65" count="1" type="stmt"/>
        </file>
        <file name="BlogForm.js" path="C:\Users\ollit\Documents\koulu\fullstack\osa5\bloglist-frontend\src\components\BlogForm.js">
          <metrics statements="3" coveredstatements="3" conditionals="0" coveredconditionals="0" methods="1" coveredmethods="1"/>
          <line num="4" count="1" type="stmt"/>
          <line num="5" count="1" type="stmt"/>
          <line num="40" count="1" type="stmt"/>
        </file>
        <file name="LoginForm.js" path="C:\Users\ollit\Documents\koulu\fullstack\osa5\bloglist-frontend\src\components\LoginForm.js">
          <metrics statements="3" coveredstatements="3" conditionals="0" coveredconditionals="0" methods="1" coveredmethods="1"/>
          <line num="4" count="1" type="stmt"/>
          <line num="5" count="2" type="stmt"/>
          <line num="34" count="1" type="stmt"/>
        </file>
        <file name="SimpleBlog.js" path="C:\Users\ollit\Documents\koulu\fullstack\osa5\bloglist-frontend\src\components\SimpleBlog.js">
          <metrics statements="2" coveredstatements="2" conditionals="0" coveredconditionals="0" methods="1" coveredmethods="1"/>
          <line num="3" count="1" type="stmt"/>
          <line num="4" count="2" type="stmt"/>
        </file>
        <file name="Togglable.js" path="C:\Users\ollit\Documents\koulu\fullstack\osa5\bloglist-frontend\src\components\Togglable.js">
          <metrics statements="7" coveredstatements="6" conditionals="4" coveredconditionals="2" methods="3" coveredmethods="2"/>
          <line num="6" count="1" type="stmt"/>
          <line num="7" count="1" type="stmt"/>
          <line num="13" count="0" type="stmt"/>
          <line num="17" count="1" type="cond" truecount="1" falsecount="1"/>
          <line num="18" count="1" type="cond" truecount="1" falsecount="1"/>
          <line num="20" count="1" type="stmt"/>
          <line num="24" count="1" type="stmt"/>
        </file>
      </package>
      <package name="src.services">
        <metrics statements="22" coveredstatements="12" conditionals="0" coveredconditionals="0" methods="7" coveredmethods="2"/>
        <file name="blogs.js" path="C:\Users\ollit\Documents\koulu\fullstack\osa5\bloglist-frontend\src\services\blogs.js">
          <metrics statements="18" coveredstatements="10" conditionals="0" coveredconditionals="0" methods="6" coveredmethods="2"/>
          <line num="2" count="2" type="stmt"/>
          <line num="4" count="2" type="stmt"/>
          <line num="6" count="2" type="stmt"/>
          <line num="7" count="2" type="stmt"/>
          <line num="8" count="2" type="stmt"/>
          <line num="11" count="2" type="stmt"/>
          <line num="12" count="1" type="stmt"/>
          <line num="15" count="2" type="stmt"/>
          <line num="16" count="0" type="stmt"/>
          <line num="20" count="0" type="stmt"/>
          <line num="21" count="0" type="stmt"/>
          <line num="24" count="2" type="stmt"/>
          <line num="25" count="0" type="stmt"/>
          <line num="26" count="0" type="stmt"/>
          <line num="29" count="2" type="stmt"/>
          <line num="30" count="0" type="stmt"/>
          <line num="33" count="0" type="stmt"/>
          <line num="34" count="0" type="stmt"/>
        </file>
        <file name="login.js" path="C:\Users\ollit\Documents\koulu\fullstack\osa5\bloglist-frontend\src\services\login.js">
          <metrics statements="4" coveredstatements="2" conditionals="0" coveredconditionals="0" methods="1" coveredmethods="0"/>
          <line num="2" count="1" type="stmt"/>
          <line num="4" count="1" type="stmt"/>
          <line num="5" count="0" type="stmt"/>
          <line num="6" count="0" type="stmt"/>
        </file>
      </package>
    </metrics>
  </project>
</coverage>
