{"C:\\Users\\ollit\\Documents\\koulu\\fullstack\\osa5\\bloglist-frontend\\src\\App.js": {"path":"C:\\Users\\ollit\\Documents\\koulu\\fullstack\\osa5\\bloglist-frontend\\src\\App.js","statementMap":{"0":{"start":{"line":12,"column":4},"end":{"line":12,"column":16}},"1":{"start":{"line":13,"column":4},"end":{"line":22,"column":5}},"2":{"start":{"line":26,"column":4},"end":{"line":29,"column":7}},"3":{"start":{"line":28,"column":8},"end":{"line":28,"column":32}},"4":{"start":{"line":30,"column":27},"end":{"line":30,"column":75}},"5":{"start":{"line":31,"column":4},"end":{"line":35,"column":5}},"6":{"start":{"line":32,"column":19},"end":{"line":32,"column":45}},"7":{"start":{"line":33,"column":6},"end":{"line":33,"column":29}},"8":{"start":{"line":34,"column":6},"end":{"line":34,"column":38}},"9":{"start":{"line":39,"column":4},"end":{"line":39,"column":62}},"10":{"start":{"line":43,"column":4},"end":{"line":43,"column":62}},"11":{"start":{"line":47,"column":4},"end":{"line":47,"column":26}},"12":{"start":{"line":48,"column":4},"end":{"line":48,"column":72}},"13":{"start":{"line":50,"column":4},"end":{"line":65,"column":5}},"14":{"start":{"line":51,"column":19},"end":{"line":54,"column":8}},"15":{"start":{"line":56,"column":6},"end":{"line":56,"column":76}},"16":{"start":{"line":57,"column":6},"end":{"line":57,"column":38}},"17":{"start":{"line":58,"column":6},"end":{"line":58,"column":112}},"18":{"start":{"line":59,"column":6},"end":{"line":59,"column":25}},"19":{"start":{"line":61,"column":6},"end":{"line":63,"column":8}},"20":{"start":{"line":64,"column":6},"end":{"line":64,"column":25}},"21":{"start":{"line":69,"column":4},"end":{"line":69,"column":31}},"22":{"start":{"line":70,"column":4},"end":{"line":70,"column":28}},"23":{"start":{"line":74,"column":4},"end":{"line":74,"column":26}},"24":{"start":{"line":75,"column":4},"end":{"line":94,"column":5}},"25":{"start":{"line":76,"column":25},"end":{"line":80,"column":7}},"26":{"start":{"line":82,"column":22},"end":{"line":82,"column":58}},"27":{"start":{"line":83,"column":6},"end":{"line":88,"column":8}},"28":{"start":{"line":90,"column":6},"end":{"line":92,"column":8}},"29":{"start":{"line":93,"column":6},"end":{"line":93,"column":25}},"30":{"start":{"line":97,"column":23},"end":{"line":97,"column":79}},"31":{"start":{"line":97,"column":40},"end":{"line":97,"column":72}},"32":{"start":{"line":100,"column":4},"end":{"line":133,"column":5}},"33":{"start":{"line":116,"column":30},"end":{"line":116,"column":51}},"34":{"start":{"line":118,"column":16},"end":{"line":118,"column":50}},"35":{"start":{"line":121,"column":66},"end":{"line":121,"column":91}},"36":{"start":{"line":138,"column":21},"end":{"line":147,"column":1}},"37":{"start":{"line":139,"column":2},"end":{"line":141,"column":3}},"38":{"start":{"line":140,"column":4},"end":{"line":140,"column":15}},"39":{"start":{"line":142,"column":2},"end":{"line":146,"column":3}}},"fnMap":{"0":{"name":"(anonymous_0)","decl":{"start":{"line":11,"column":2},"end":{"line":11,"column":3}},"loc":{"start":{"line":11,"column":21},"end":{"line":23,"column":3}},"line":11},"1":{"name":"(anonymous_1)","decl":{"start":{"line":25,"column":2},"end":{"line":25,"column":3}},"loc":{"start":{"line":25,"column":22},"end":{"line":36,"column":3}},"line":25},"2":{"name":"(anonymous_2)","decl":{"start":{"line":27,"column":12},"end":{"line":27,"column":13}},"loc":{"start":{"line":28,"column":8},"end":{"line":28,"column":32}},"line":28},"3":{"name":"(anonymous_3)","decl":{"start":{"line":38,"column":27},"end":{"line":38,"column":28}},"loc":{"start":{"line":38,"column":38},"end":{"line":40,"column":3}},"line":38},"4":{"name":"(anonymous_4)","decl":{"start":{"line":42,"column":26},"end":{"line":42,"column":27}},"loc":{"start":{"line":42,"column":37},"end":{"line":44,"column":3}},"line":42},"5":{"name":"(anonymous_5)","decl":{"start":{"line":46,"column":10},"end":{"line":46,"column":11}},"loc":{"start":{"line":46,"column":27},"end":{"line":66,"column":3}},"line":46},"6":{"name":"(anonymous_6)","decl":{"start":{"line":68,"column":11},"end":{"line":68,"column":12}},"loc":{"start":{"line":68,"column":17},"end":{"line":71,"column":3}},"line":68},"7":{"name":"(anonymous_7)","decl":{"start":{"line":73,"column":12},"end":{"line":73,"column":13}},"loc":{"start":{"line":73,"column":29},"end":{"line":95,"column":3}},"line":73},"8":{"name":"(anonymous_8)","decl":{"start":{"line":97,"column":17},"end":{"line":97,"column":18}},"loc":{"start":{"line":97,"column":23},"end":{"line":97,"column":79}},"line":97},"9":{"name":"(anonymous_9)","decl":{"start":{"line":97,"column":34},"end":{"line":97,"column":35}},"loc":{"start":{"line":97,"column":40},"end":{"line":97,"column":72}},"line":97},"10":{"name":"(anonymous_10)","decl":{"start":{"line":99,"column":2},"end":{"line":99,"column":3}},"loc":{"start":{"line":99,"column":11},"end":{"line":134,"column":3}},"line":99},"11":{"name":"(anonymous_11)","decl":{"start":{"line":116,"column":20},"end":{"line":116,"column":21}},"loc":{"start":{"line":116,"column":30},"end":{"line":116,"column":51}},"line":116},"12":{"name":"(anonymous_12)","decl":{"start":{"line":117,"column":19},"end":{"line":117,"column":20}},"loc":{"start":{"line":118,"column":16},"end":{"line":118,"column":50}},"line":118},"13":{"name":"(anonymous_13)","decl":{"start":{"line":121,"column":53},"end":{"line":121,"column":54}},"loc":{"start":{"line":121,"column":66},"end":{"line":121,"column":91}},"line":121},"14":{"name":"(anonymous_14)","decl":{"start":{"line":138,"column":21},"end":{"line":138,"column":22}},"loc":{"start":{"line":138,"column":38},"end":{"line":147,"column":1}},"line":138}},"branchMap":{"0":{"loc":{"start":{"line":31,"column":4},"end":{"line":35,"column":5}},"type":"if","locations":[{"start":{"line":31,"column":4},"end":{"line":35,"column":5}},{"start":{"line":31,"column":4},"end":{"line":35,"column":5}}],"line":31},"1":{"loc":{"start":{"line":103,"column":9},"end":{"line":130,"column":16}},"type":"cond-expr","locations":[{"start":{"line":104,"column":10},"end":{"line":111,"column":16}},{"start":{"line":112,"column":10},"end":{"line":130,"column":16}}],"line":103},"2":{"loc":{"start":{"line":139,"column":2},"end":{"line":141,"column":3}},"type":"if","locations":[{"start":{"line":139,"column":2},"end":{"line":141,"column":3}},{"start":{"line":139,"column":2},"end":{"line":141,"column":3}}],"line":139}},"s":{"0":2,"1":2,"2":2,"3":0,"4":2,"5":2,"6":1,"7":1,"8":1,"9":0,"10":0,"11":0,"12":0,"13":0,"14":0,"15":0,"16":0,"17":0,"18":0,"19":0,"20":0,"21":0,"22":0,"23":0,"24":0,"25":0,"26":0,"27":0,"28":0,"29":0,"30":0,"31":0,"32":3,"33":0,"34":0,"35":1,"36":1,"37":3,"38":3,"39":0},"f":{"0":2,"1":2,"2":0,"3":0,"4":0,"5":0,"6":0,"7":0,"8":0,"9":0,"10":3,"11":0,"12":0,"13":1,"14":3},"b":{"0":[1,1],"1":[2,1],"2":[3,0]},"_coverageSchema":"332fd63041d2c1bcb487cc26dd0d5f7d97098a6c","hash":"3424460a51141d47c5d5f426d2ecd1a6fbb282bc"}
,"C:\\Users\\ollit\\Documents\\koulu\\fullstack\\osa5\\bloglist-frontend\\src\\index.js": {"path":"C:\\Users\\ollit\\Documents\\koulu\\fullstack\\osa5\\bloglist-frontend\\src\\index.js","statementMap":{"0":{"start":{"line":1,"column":32},"end":{"line":1,"column":119}},"1":{"start":{"line":1,"column":133},"end":{"line":1,"column":149}},"2":{"start":{"line":1,"column":164},"end":{"line":1,"column":194}},"3":{"start":{"line":2,"column":16},"end":{"line":2,"column":36}},"4":{"start":{"line":2,"column":54},"end":{"line":2,"column":87}},"5":{"start":{"line":3,"column":11},"end":{"line":3,"column":27}},"6":{"start":{"line":3,"column":40},"end":{"line":3,"column":68}},"7":{"start":{"line":3,"column":107},"end":{"line":3,"column":161}},"8":{"start":{"line":5,"column":0},"end":{"line":5,"column":181}}},"fnMap":{"0":{"name":"_interopRequireDefault","decl":{"start":{"line":3,"column":78},"end":{"line":3,"column":100}},"loc":{"start":{"line":3,"column":106},"end":{"line":3,"column":162}},"line":3}},"branchMap":{"0":{"loc":{"start":{"line":3,"column":114},"end":{"line":3,"column":160}},"type":"cond-expr","locations":[{"start":{"line":3,"column":138},"end":{"line":3,"column":141}},{"start":{"line":3,"column":144},"end":{"line":3,"column":160}}],"line":3},"1":{"loc":{"start":{"line":3,"column":114},"end":{"line":3,"column":135}},"type":"binary-expr","locations":[{"start":{"line":3,"column":114},"end":{"line":3,"column":117}},{"start":{"line":3,"column":121},"end":{"line":3,"column":135}}],"line":3}},"s":{"0":0,"1":0,"2":0,"3":0,"4":0,"5":0,"6":0,"7":0,"8":0},"f":{"0":0},"b":{"0":[0,0],"1":[0,0]}}
,"C:\\Users\\ollit\\Documents\\koulu\\fullstack\\osa5\\bloglist-frontend\\src\\setupTests.js": {"path":"C:\\Users\\ollit\\Documents\\koulu\\fullstack\\osa5\\bloglist-frontend\\src\\setupTests.js","statementMap":{"0":{"start":{"line":4,"column":0},"end":{"line":4,"column":37}},"1":{"start":{"line":6,"column":17},"end":{"line":6,"column":19}},"2":{"start":{"line":8,"column":25},"end":{"line":14,"column":1}},"3":{"start":{"line":10,"column":4},"end":{"line":10,"column":26}},"4":{"start":{"line":12,"column":20},"end":{"line":12,"column":35}},"5":{"start":{"line":16,"column":0},"end":{"line":16,"column":38}}},"fnMap":{"0":{"name":"(anonymous_0)","decl":{"start":{"line":9,"column":11},"end":{"line":9,"column":12}},"loc":{"start":{"line":9,"column":26},"end":{"line":11,"column":3}},"line":9},"1":{"name":"(anonymous_1)","decl":{"start":{"line":12,"column":11},"end":{"line":12,"column":12}},"loc":{"start":{"line":12,"column":20},"end":{"line":12,"column":35}},"line":12}},"branchMap":{},"s":{"0":3,"1":3,"2":3,"3":1,"4":2,"5":3},"f":{"0":1,"1":2},"b":{},"_coverageSchema":"332fd63041d2c1bcb487cc26dd0d5f7d97098a6c","hash":"bc75b9eff17b82264e645759784ec1694cc9b1aa"}
,"C:\\Users\\ollit\\Documents\\koulu\\fullstack\\osa5\\bloglist-frontend\\src\\components\\Blog.js": {"path":"C:\\Users\\ollit\\Documents\\koulu\\fullstack\\osa5\\bloglist-frontend\\src\\components\\Blog.js","statementMap":{"0":{"start":{"line":6,"column":4},"end":{"line":6,"column":16}},"1":{"start":{"line":7,"column":4},"end":{"line":14,"column":5}},"2":{"start":{"line":18,"column":4},"end":{"line":18,"column":51}},"3":{"start":{"line":22,"column":23},"end":{"line":29,"column":5}},"4":{"start":{"line":30,"column":4},"end":{"line":30,"column":60}},"5":{"start":{"line":31,"column":4},"end":{"line":31,"column":50}},"6":{"start":{"line":35,"column":28},"end":{"line":37,"column":5}},"7":{"start":{"line":39,"column":22},"end":{"line":45,"column":5}},"8":{"start":{"line":47,"column":4},"end":{"line":72,"column":5}},"9":{"start":{"line":48,"column":6},"end":{"line":63,"column":7}},"10":{"start":{"line":65,"column":6},"end":{"line":71,"column":7}}},"fnMap":{"0":{"name":"(anonymous_0)","decl":{"start":{"line":5,"column":2},"end":{"line":5,"column":3}},"loc":{"start":{"line":5,"column":21},"end":{"line":15,"column":3}},"line":5},"1":{"name":"(anonymous_1)","decl":{"start":{"line":17,"column":21},"end":{"line":17,"column":22}},"loc":{"start":{"line":17,"column":27},"end":{"line":19,"column":3}},"line":17},"2":{"name":"(anonymous_2)","decl":{"start":{"line":21,"column":9},"end":{"line":21,"column":10}},"loc":{"start":{"line":21,"column":21},"end":{"line":32,"column":3}},"line":21},"3":{"name":"(anonymous_3)","decl":{"start":{"line":34,"column":2},"end":{"line":34,"column":3}},"loc":{"start":{"line":34,"column":11},"end":{"line":74,"column":3}},"line":34}},"branchMap":{"0":{"loc":{"start":{"line":47,"column":4},"end":{"line":72,"column":5}},"type":"if","locations":[{"start":{"line":47,"column":4},"end":{"line":72,"column":5}},{"start":{"line":47,"column":4},"end":{"line":72,"column":5}}],"line":47}},"s":{"0":1,"1":1,"2":1,"3":0,"4":0,"5":0,"6":2,"7":2,"8":2,"9":1,"10":1},"f":{"0":1,"1":1,"2":0,"3":2},"b":{"0":[1,1]},"_coverageSchema":"332fd63041d2c1bcb487cc26dd0d5f7d97098a6c","hash":"ed99b2dc6e79c680003280311073d99623cc2372"}
,"C:\\Users\\ollit\\Documents\\koulu\\fullstack\\osa5\\bloglist-frontend\\src\\components\\BlogForm.js": {"path":"C:\\Users\\ollit\\Documents\\koulu\\fullstack\\osa5\\bloglist-frontend\\src\\components\\BlogForm.js","statementMap":{"0":{"start":{"line":4,"column":17},"end":{"line":38,"column":1}},"1":{"start":{"line":5,"column":2},"end":{"line":37,"column":3}},"2":{"start":{"line":40,"column":0},"end":{"line":46,"column":1}}},"fnMap":{"0":{"name":"(anonymous_0)","decl":{"start":{"line":4,"column":17},"end":{"line":4,"column":18}},"loc":{"start":{"line":4,"column":68},"end":{"line":38,"column":1}},"line":4}},"branchMap":{},"s":{"0":1,"1":1,"2":1},"f":{"0":1},"b":{},"_coverageSchema":"332fd63041d2c1bcb487cc26dd0d5f7d97098a6c","hash":"c55c5b6267e61f3f916d6a93724f4655fdfbd933"}
,"C:\\Users\\ollit\\Documents\\koulu\\fullstack\\osa5\\bloglist-frontend\\src\\components\\LoginForm.js": {"path":"C:\\Users\\ollit\\Documents\\koulu\\fullstack\\osa5\\bloglist-frontend\\src\\components\\LoginForm.js","statementMap":{"0":{"start":{"line":4,"column":18},"end":{"line":32,"column":1}},"1":{"start":{"line":5,"column":2},"end":{"line":31,"column":3}},"2":{"start":{"line":34,"column":0},"end":{"line":39,"column":1}}},"fnMap":{"0":{"name":"(anonymous_0)","decl":{"start":{"line":4,"column":18},"end":{"line":4,"column":19}},"loc":{"start":{"line":4,"column":67},"end":{"line":32,"column":1}},"line":4}},"branchMap":{},"s":{"0":1,"1":2,"2":1},"f":{"0":2},"b":{},"_coverageSchema":"332fd63041d2c1bcb487cc26dd0d5f7d97098a6c","hash":"1054b0da5ecaec9b255b05357c29626548087c3c"}
,"C:\\Users\\ollit\\Documents\\koulu\\fullstack\\osa5\\bloglist-frontend\\src\\components\\SimpleBlog.js": {"path":"C:\\Users\\ollit\\Documents\\koulu\\fullstack\\osa5\\bloglist-frontend\\src\\components\\SimpleBlog.js","statementMap":{"0":{"start":{"line":3,"column":19},"end":{"line":12,"column":1}},"1":{"start":{"line":4,"column":2},"end":{"line":11,"column":8}}},"fnMap":{"0":{"name":"(anonymous_0)","decl":{"start":{"line":3,"column":19},"end":{"line":3,"column":20}},"loc":{"start":{"line":4,"column":2},"end":{"line":11,"column":8}},"line":4}},"branchMap":{},"s":{"0":1,"1":2},"f":{"0":2},"b":{},"_coverageSchema":"332fd63041d2c1bcb487cc26dd0d5f7d97098a6c","hash":"4e174a1426e7f253f917e7e7053c8e94217e8a40"}
,"C:\\Users\\ollit\\Documents\\koulu\\fullstack\\osa5\\bloglist-frontend\\src\\components\\Togglable.js": {"path":"C:\\Users\\ollit\\Documents\\koulu\\fullstack\\osa5\\bloglist-frontend\\src\\components\\Togglable.js","statementMap":{"0":{"start":{"line":6,"column":4},"end":{"line":6,"column":16}},"1":{"start":{"line":7,"column":4},"end":{"line":9,"column":5}},"2":{"start":{"line":13,"column":4},"end":{"line":13,"column":51}},"3":{"start":{"line":17,"column":28},"end":{"line":17,"column":73}},"4":{"start":{"line":18,"column":28},"end":{"line":18,"column":73}},"5":{"start":{"line":20,"column":4},"end":{"line":22,"column":5}},"6":{"start":{"line":24,"column":4},"end":{"line":34,"column":5}}},"fnMap":{"0":{"name":"(anonymous_0)","decl":{"start":{"line":5,"column":2},"end":{"line":5,"column":3}},"loc":{"start":{"line":5,"column":21},"end":{"line":10,"column":3}},"line":5},"1":{"name":"(anonymous_1)","decl":{"start":{"line":12,"column":21},"end":{"line":12,"column":22}},"loc":{"start":{"line":12,"column":27},"end":{"line":14,"column":3}},"line":12},"2":{"name":"(anonymous_2)","decl":{"start":{"line":16,"column":2},"end":{"line":16,"column":3}},"loc":{"start":{"line":16,"column":11},"end":{"line":35,"column":3}},"line":16}},"branchMap":{"0":{"loc":{"start":{"line":17,"column":39},"end":{"line":17,"column":71}},"type":"cond-expr","locations":[{"start":{"line":17,"column":60},"end":{"line":17,"column":66}},{"start":{"line":17,"column":69},"end":{"line":17,"column":71}}],"line":17},"1":{"loc":{"start":{"line":18,"column":39},"end":{"line":18,"column":71}},"type":"cond-expr","locations":[{"start":{"line":18,"column":60},"end":{"line":18,"column":62}},{"start":{"line":18,"column":65},"end":{"line":18,"column":71}}],"line":18}},"s":{"0":1,"1":1,"2":0,"3":1,"4":1,"5":1,"6":1},"f":{"0":1,"1":0,"2":1},"b":{"0":[0,1],"1":[0,1]},"_coverageSchema":"332fd63041d2c1bcb487cc26dd0d5f7d97098a6c","hash":"74ddf3c7af0c1ed662f6b5d35b0e30e2fc9befe7"}
,"C:\\Users\\ollit\\Documents\\koulu\\fullstack\\osa5\\bloglist-frontend\\src\\services\\blogs.js": {"path":"C:\\Users\\ollit\\Documents\\koulu\\fullstack\\osa5\\bloglist-frontend\\src\\services\\blogs.js","statementMap":{"0":{"start":{"line":2,"column":16},"end":{"line":2,"column":28}},"1":{"start":{"line":4,"column":12},"end":{"line":4,"column":16}},"2":{"start":{"line":6,"column":15},"end":{"line":9,"column":1}},"3":{"start":{"line":7,"column":18},"end":{"line":7,"column":36}},"4":{"start":{"line":8,"column":2},"end":{"line":8,"column":48}},"5":{"start":{"line":8,"column":34},"end":{"line":8,"column":47}},"6":{"start":{"line":11,"column":17},"end":{"line":13,"column":1}},"7":{"start":{"line":12,"column":2},"end":{"line":12,"column":30}},"8":{"start":{"line":15,"column":15},"end":{"line":22,"column":1}},"9":{"start":{"line":16,"column":17},"end":{"line":18,"column":3}},"10":{"start":{"line":20,"column":19},"end":{"line":20,"column":63}},"11":{"start":{"line":21,"column":2},"end":{"line":21,"column":22}},"12":{"start":{"line":24,"column":15},"end":{"line":27,"column":1}},"13":{"start":{"line":25,"column":19},"end":{"line":25,"column":65}},"14":{"start":{"line":26,"column":2},"end":{"line":26,"column":22}},"15":{"start":{"line":29,"column":12},"end":{"line":35,"column":1}},"16":{"start":{"line":30,"column":17},"end":{"line":32,"column":3}},"17":{"start":{"line":33,"column":19},"end":{"line":33,"column":65}},"18":{"start":{"line":34,"column":2},"end":{"line":34,"column":22}}},"fnMap":{"0":{"name":"(anonymous_0)","decl":{"start":{"line":6,"column":15},"end":{"line":6,"column":16}},"loc":{"start":{"line":6,"column":21},"end":{"line":9,"column":1}},"line":6},"1":{"name":"(anonymous_1)","decl":{"start":{"line":8,"column":22},"end":{"line":8,"column":23}},"loc":{"start":{"line":8,"column":34},"end":{"line":8,"column":47}},"line":8},"2":{"name":"(anonymous_2)","decl":{"start":{"line":11,"column":17},"end":{"line":11,"column":18}},"loc":{"start":{"line":11,"column":31},"end":{"line":13,"column":1}},"line":11},"3":{"name":"(anonymous_3)","decl":{"start":{"line":15,"column":15},"end":{"line":15,"column":16}},"loc":{"start":{"line":15,"column":36},"end":{"line":22,"column":1}},"line":15},"4":{"name":"(anonymous_4)","decl":{"start":{"line":24,"column":15},"end":{"line":24,"column":16}},"loc":{"start":{"line":24,"column":40},"end":{"line":27,"column":1}},"line":24},"5":{"name":"(anonymous_5)","decl":{"start":{"line":29,"column":12},"end":{"line":29,"column":13}},"loc":{"start":{"line":29,"column":37},"end":{"line":35,"column":1}},"line":29}},"branchMap":{},"s":{"0":2,"1":2,"2":2,"3":2,"4":2,"5":0,"6":2,"7":1,"8":2,"9":0,"10":0,"11":0,"12":2,"13":0,"14":0,"15":2,"16":0,"17":0,"18":0},"f":{"0":2,"1":0,"2":1,"3":0,"4":0,"5":0},"b":{},"_coverageSchema":"332fd63041d2c1bcb487cc26dd0d5f7d97098a6c","hash":"306389a039eb5d2360f919b99ac7a4ac15e55b8e"}
,"C:\\Users\\ollit\\Documents\\koulu\\fullstack\\osa5\\bloglist-frontend\\src\\services\\login.js": {"path":"C:\\Users\\ollit\\Documents\\koulu\\fullstack\\osa5\\bloglist-frontend\\src\\services\\login.js","statementMap":{"0":{"start":{"line":2,"column":16},"end":{"line":2,"column":28}},"1":{"start":{"line":4,"column":14},"end":{"line":7,"column":1}},"2":{"start":{"line":5,"column":19},"end":{"line":5,"column":57}},"3":{"start":{"line":6,"column":2},"end":{"line":6,"column":22}}},"fnMap":{"0":{"name":"(anonymous_0)","decl":{"start":{"line":4,"column":14},"end":{"line":4,"column":15}},"loc":{"start":{"line":4,"column":37},"end":{"line":7,"column":1}},"line":4}},"branchMap":{},"s":{"0":1,"1":1,"2":0,"3":0},"f":{"0":0},"b":{},"_coverageSchema":"332fd63041d2c1bcb487cc26dd0d5f7d97098a6c","hash":"fda53b8082e8c939c0169e0e09841f2ce496f283"}
}
