TN:
SF:C:\Users\ollit\Documents\koulu\fullstack\osa5\bloglist-frontend\src\App.js
FN:11,(anonymous_0)
FN:25,(anonymous_1)
FN:27,(anonymous_2)
FN:38,(anonymous_3)
FN:42,(anonymous_4)
FN:46,(anonymous_5)
FN:68,(anonymous_6)
FN:73,(anonymous_7)
FN:97,(anonymous_8)
FN:97,(anonymous_9)
FN:99,(anonymous_10)
FN:116,(anonymous_11)
FN:117,(anonymous_12)
FN:121,(anonymous_13)
FN:138,(anonymous_14)
FNF:15
FNH:5
FNDA:2,(anonymous_0)
FNDA:2,(anonymous_1)
FNDA:0,(anonymous_2)
FNDA:0,(anonymous_3)
FNDA:0,(anonymous_4)
FNDA:0,(anonymous_5)
FNDA:0,(anonymous_6)
FNDA:0,(anonymous_7)
FNDA:0,(anonymous_8)
FNDA:0,(anonymous_9)
FNDA:3,(anonymous_10)
FNDA:0,(anonymous_11)
FNDA:0,(anonymous_12)
FNDA:1,(anonymous_13)
FNDA:3,(anonymous_14)
DA:12,2
DA:13,2
DA:26,2
DA:28,0
DA:30,2
DA:31,2
DA:32,1
DA:33,1
DA:34,1
DA:39,0
DA:43,0
DA:47,0
DA:48,0
DA:50,0
DA:51,0
DA:56,0
DA:57,0
DA:58,0
DA:59,0
DA:61,0
DA:64,0
DA:69,0
DA:70,0
DA:74,0
DA:75,0
DA:76,0
DA:82,0
DA:83,0
DA:90,0
DA:93,0
DA:97,0
DA:100,3
DA:116,0
DA:118,0
DA:121,1
DA:138,1
DA:139,3
DA:140,3
DA:142,0
LF:39
LH:13
BRDA:31,0,0,1
BRDA:31,0,1,1
BRDA:103,1,0,2
BRDA:103,1,1,1
BRDA:139,2,0,3
BRDA:139,2,1,0
BRF:6
BRH:5
end_of_record
TN:
SF:C:\Users\ollit\Documents\koulu\fullstack\osa5\bloglist-frontend\src\index.js
FN:3,_interopRequireDefault
FNF:1
FNH:0
FNDA:0,_interopRequireDefault
DA:1,0
DA:2,0
DA:3,0
DA:5,0
LF:4
LH:0
BRDA:3,0,0,0
BRDA:3,0,1,0
BRDA:3,1,0,0
BRDA:3,1,1,0
BRF:4
BRH:0
end_of_record
TN:
SF:C:\Users\ollit\Documents\koulu\fullstack\osa5\bloglist-frontend\src\setupTests.js
FN:9,(anonymous_0)
FN:12,(anonymous_1)
FNF:2
FNH:2
FNDA:1,(anonymous_0)
FNDA:2,(anonymous_1)
DA:4,3
DA:6,3
DA:8,3
DA:10,1
DA:12,2
DA:16,3
LF:6
LH:6
BRF:0
BRH:0
end_of_record
TN:
SF:C:\Users\ollit\Documents\koulu\fullstack\osa5\bloglist-frontend\src\components\Blog.js
FN:5,(anonymous_0)
FN:17,(anonymous_1)
FN:21,(anonymous_2)
FN:34,(anonymous_3)
FNF:4
FNH:3
FNDA:1,(anonymous_0)
FNDA:1,(anonymous_1)
FNDA:0,(anonymous_2)
FNDA:2,(anonymous_3)
DA:6,1
DA:7,1
DA:18,1
DA:22,0
DA:30,0
DA:31,0
DA:35,2
DA:39,2
DA:47,2
DA:48,1
DA:65,1
LF:11
LH:8
BRDA:47,0,0,1
BRDA:47,0,1,1
BRF:2
BRH:2
end_of_record
TN:
SF:C:\Users\ollit\Documents\koulu\fullstack\osa5\bloglist-frontend\src\components\BlogForm.js
FN:4,(anonymous_0)
FNF:1
FNH:1
FNDA:1,(anonymous_0)
DA:4,1
DA:5,1
DA:40,1
LF:3
LH:3
BRF:0
BRH:0
end_of_record
TN:
SF:C:\Users\ollit\Documents\koulu\fullstack\osa5\bloglist-frontend\src\components\LoginForm.js
FN:4,(anonymous_0)
FNF:1
FNH:1
FNDA:2,(anonymous_0)
DA:4,1
DA:5,2
DA:34,1
LF:3
LH:3
BRF:0
BRH:0
end_of_record
TN:
SF:C:\Users\ollit\Documents\koulu\fullstack\osa5\bloglist-frontend\src\components\SimpleBlog.js
FN:3,(anonymous_0)
FNF:1
FNH:1
FNDA:2,(anonymous_0)
DA:3,1
DA:4,2
LF:2
LH:2
BRF:0
BRH:0
end_of_record
TN:
SF:C:\Users\ollit\Documents\koulu\fullstack\osa5\bloglist-frontend\src\components\Togglable.js
FN:5,(anonymous_0)
FN:12,(anonymous_1)
FN:16,(anonymous_2)
FNF:3
FNH:2
FNDA:1,(anonymous_0)
FNDA:0,(anonymous_1)
FNDA:1,(anonymous_2)
DA:6,1
DA:7,1
DA:13,0
DA:17,1
DA:18,1
DA:20,1
DA:24,1
LF:7
LH:6
BRDA:17,0,0,0
BRDA:17,0,1,1
BRDA:18,1,0,0
BRDA:18,1,1,1
BRF:4
BRH:2
end_of_record
TN:
SF:C:\Users\ollit\Documents\koulu\fullstack\osa5\bloglist-frontend\src\services\blogs.js
FN:6,(anonymous_0)
FN:8,(anonymous_1)
FN:11,(anonymous_2)
FN:15,(anonymous_3)
FN:24,(anonymous_4)
FN:29,(anonymous_5)
FNF:6
FNH:2
FNDA:2,(anonymous_0)
FNDA:0,(anonymous_1)
FNDA:1,(anonymous_2)
FNDA:0,(anonymous_3)
FNDA:0,(anonymous_4)
FNDA:0,(anonymous_5)
DA:2,2
DA:4,2
DA:6,2
DA:7,2
DA:8,2
DA:11,2
DA:12,1
DA:15,2
DA:16,0
DA:20,0
DA:21,0
DA:24,2
DA:25,0
DA:26,0
DA:29,2
DA:30,0
DA:33,0
DA:34,0
LF:18
LH:10
BRF:0
BRH:0
end_of_record
TN:
SF:C:\Users\ollit\Documents\koulu\fullstack\osa5\bloglist-frontend\src\services\login.js
FN:4,(anonymous_0)
FNF:1
FNH:0
FNDA:0,(anonymous_0)
DA:2,1
DA:4,1
DA:5,0
DA:6,0
LF:4
LH:2
BRF:0
BRH:0
end_of_record
